#
# There is insufficient memory for the Java Runtime Environment to continue.
# Native memory allocation (malloc) failed to allocate 1048576 bytes for AllocateHeap
# Possible reasons:
#   The system is out of physical RAM or swap space
#   In 32 bit mode, the process size limit was hit
# Possible solutions:
#   Reduce memory load on the system
#   Increase physical memory or swap space
#   Check if swap backing store is full
#   Use 64 bit Java on a 64 bit OS
#   Decrease Java heap size (-Xmx/-Xms)
#   Decrease number of Java threads
#   Decrease Java thread stack sizes (-Xss)
#   Set larger code cache with -XX:ReservedCodeCacheSize=
# This output file may be truncated or incomplete.
#
#  Out of Memory Error (memory/allocation.inline.hpp:61), pid=34176, tid=0x0000000000007608
#
# JRE version:  (8.0) (build )
# Java VM: OpenJDK 64-Bit Server VM (25.71-b00 mixed mode windows-amd64 compressed oops)
# Failed to write core dump. Minidumps are not enabled by default on client versions of Windows
#

---------------  T H R E A D  ---------------

Current thread (0x00000000031b3000):  JavaThread "Unknown thread" [_thread_in_vm, id=30216, stack(0x0000000003010000,0x0000000003110000)]

Stack: [0x0000000003010000,0x0000000003110000]
[error occurred during error reporting (printing stack bounds), id 0xc0000005]

Native frames: (J=compiled Java code, j=interpreted, Vv=VM code, C=native code)


---------------  P R O C E S S  ---------------

Java Threads: ( => current thread )

Other Threads:

=>0x00000000031b3000 (exited) JavaThread "Unknown thread" [_thread_in_vm, id=30216, stack(0x0000000003010000,0x0000000003110000)]

VM state:not at safepoint (normal execution)

VM Mutex/Monitor currently owned by a thread: None

Heap:
 PSYoungGen      total 76288K, used 1310K [0x000000076ad80000, 0x0000000770280000, 0x00000007c0000000)
  eden space 65536K, 2% used [0x000000076ad80000,0x000000076aec7af0,0x000000076ed80000)
  from space 10752K, 0% used [0x000000076f800000,0x000000076f800000,0x0000000770280000)
  to   space 10752K, 0% used [0x000000076ed80000,0x000000076ed80000,0x000000076f800000)
 ParOldGen       total 175104K, used 0K [0x00000006c0800000, 0x00000006cb300000, 0x000000076ad80000)
  object space 175104K, 0% used [0x00000006c0800000,0x00000006c0800000,0x00000006cb300000)
 Metaspace       used 777K, capacity 4480K, committed 4480K, reserved 1056768K
  class space    used 74K, capacity 384K, committed 384K, reserved 1048576K

Card table byte_map: [0x0000000012670000,0x0000000012e70000] byte_map_base: 0x000000000f06c000

Marking Bits: (ParMarkBitMap*) 0x0000000062dcbe50
 Begin Bits: [0x00000000137d0000, 0x00000000177b0000)
 End Bits:   [0x00000000177b0000, 0x000000001b790000)

Polling page: 0x0000000001360000

CodeCache: size=245760Kb used=328Kb max_used=328Kb free=245431Kb
 bounds [0x00000000032b0000, 0x0000000003520000, 0x00000000122b0000]
 total_blobs=57 nmethods=0 adapters=38
 compilation: enabled

Compilation events (0 events):
No events

GC Heap History (0 events):
No events

Deoptimization events (0 events):
No events

Classes redefined (0 events):
No events

Internal exceptions (0 events):
No events

Events (10 events):
Event: 0.016 loading class java/lang/Short
Event: 0.016 loading class java/lang/Short done
Event: 0.016 loading class java/lang/Integer
Event: 0.016 loading class java/lang/Integer done
Event: 0.016 loading class java/lang/Long
Event: 0.016 loading class java/lang/Long done
Event: 0.017 loading class java/lang/NullPointerException
Event: 0.017 loading class java/lang/NullPointerException done
Event: 0.017 loading class java/lang/ArithmeticException
Event: 0.017 loading class java/lang/ArithmeticException done


Dynamic libraries:
0x00007ff7ca700000 - 0x00007ff7ca735000 	E:\Unity\2021.3.0f1\Editor\Data\PlaybackEngines\AndroidPlayer\OpenJDK\bin\java.exe
0x00007ffdab9d0000 - 0x00007ffdabbc8000 	C:\WINDOWS\SYSTEM32\ntdll.dll
0x00007ffda9cc0000 - 0x00007ffda9d7d000 	C:\WINDOWS\System32\KERNEL32.DLL
0x00007ffda90e0000 - 0x00007ffda93b2000 	C:\WINDOWS\System32\KERNELBASE.dll
0x00007ffdaab50000 - 0x00007ffdaabfe000 	C:\WINDOWS\System32\ADVAPI32.dll
0x00007ffda9d80000 - 0x00007ffda9e1e000 	C:\WINDOWS\System32\msvcrt.dll
0x00007ffdaa600000 - 0x00007ffdaa69c000 	C:\WINDOWS\System32\sechost.dll
0x00007ffdab6d0000 - 0x00007ffdab7f5000 	C:\WINDOWS\System32\RPCRT4.dll
0x00007ffdab530000 - 0x00007ffdab6cd000 	C:\WINDOWS\System32\USER32.dll
0x00007ffda9950000 - 0x00007ffda9972000 	C:\WINDOWS\System32\win32u.dll
0x00007ffdaa5d0000 - 0x00007ffdaa5fb000 	C:\WINDOWS\System32\GDI32.dll
0x00007ffda95b0000 - 0x00007ffda96bf000 	C:\WINDOWS\System32\gdi32full.dll
0x00007ffda9480000 - 0x00007ffda951d000 	C:\WINDOWS\System32\msvcp_win.dll
0x00007ffda96f0000 - 0x00007ffda97f0000 	C:\WINDOWS\System32\ucrtbase.dll
0x00007ffd97830000 - 0x00007ffd97aca000 	C:\WINDOWS\WinSxS\amd64_microsoft.windows.common-controls_6595b64144ccf1df_6.0.19041.1110_none_60b5254171f9507e\COMCTL32.dll
0x00007ffdab940000 - 0x00007ffdab970000 	C:\WINDOWS\System32\IMM32.DLL
0x0000000062e50000 - 0x0000000062f22000 	E:\Unity\2021.3.0f1\Editor\Data\PlaybackEngines\AndroidPlayer\OpenJDK\jre\bin\msvcr100.dll
0x0000000062600000 - 0x0000000062e49000 	E:\Unity\2021.3.0f1\Editor\Data\PlaybackEngines\AndroidPlayer\OpenJDK\jre\bin\server\jvm.dll
0x00007ffdaa720000 - 0x00007ffdaa728000 	C:\WINDOWS\System32\PSAPI.DLL
0x00007ffd92e10000 - 0x00007ffd92e19000 	C:\WINDOWS\SYSTEM32\WSOCK32.dll
0x00007ffda0970000 - 0x00007ffda0997000 	C:\WINDOWS\SYSTEM32\WINMM.dll
0x00007ffdaa950000 - 0x00007ffdaa9bb000 	C:\WINDOWS\System32\WS2_32.dll
0x00007ffda1800000 - 0x00007ffda180a000 	C:\WINDOWS\SYSTEM32\VERSION.dll
0x00007ffd9f830000 - 0x00007ffd9f83f000 	E:\Unity\2021.3.0f1\Editor\Data\PlaybackEngines\AndroidPlayer\OpenJDK\jre\bin\verify.dll
0x00007ffd9f800000 - 0x00007ffd9f829000 	E:\Unity\2021.3.0f1\Editor\Data\PlaybackEngines\AndroidPlayer\OpenJDK\jre\bin\java.dll
0x00007ffd76f50000 - 0x00007ffd76f66000 	E:\Unity\2021.3.0f1\Editor\Data\PlaybackEngines\AndroidPlayer\OpenJDK\jre\bin\zip.dll

VM Arguments:
jvm_args: -Dfile.encoding=UTF-8 
java_command: <unknown>
java_class_path (initial): .
Launcher Type: SUN_STANDARD

Environment Variables:
JAVA_HOME=E:\Unity\2021.3.0f1\Editor\Data\PlaybackEngines\AndroidPlayer\OpenJDK
JAVA_TOOL_OPTIONS=-Dfile.encoding=UTF-8
USERNAME=Worlax
OS=Windows_NT
PROCESSOR_IDENTIFIER=Intel64 Family 6 Model 158 Stepping 9, GenuineIntel



---------------  S Y S T E M  ---------------

OS: Windows 10.0 , 64 bit Build 19041 (10.0.19041.1889)

CPU:total 4 (initial active 4) (2 cores per cpu, 2 threads per core) family 6 model 158 stepping 9, cmov, cx8, fxsr, mmx, sse, sse2, sse3, ssse3, sse4.1, sse4.2, popcnt, avx, avx2, aes, clmul, erms, 3dnowpref, lzcnt, ht, tsc, tscinvbit, bmi1, bmi2, adx

Memory: 4k page, physical 16740500k(5558872k free), swap 22063344k(5960k free)

vm_info: OpenJDK 64-Bit Server VM (25.71-b00) for windows-amd64 JRE (1.8.0-adoptopenjdk-_2018_05_19_00_59-b00), built on May 19 2018 01:02:12 by "jenkins" with MS VC++ 10.0 (VS2010)

time: Sat Oct 29 16:35:11 2022
elapsed time: 0 seconds (0d 0h 0m 0s)

